[2022-08-30 17:47:49] merlin-logger.DEBUG: The welcome step has been displayed [] []
[2022-09-07 12:29:16] merlin-logger.DEBUG: The welcome step has been displayed [] []
[2022-09-07 12:29:20] merlin-logger.DEBUG: The license activation step has been displayed [] []
[2022-09-07 12:29:20] merlin-logger.DEBUG: The plugin installation step has been displayed [] []
[2022-09-07 12:29:26] merlin-logger.DEBUG: A plugin with the following data will be processed {"plugin_slug":"hub-core","message":"Installing"} []
[2022-09-07 12:29:32] merlin-logger.DEBUG: A plugin with the following data will be processed {"plugin_slug":"hub-core","message":"Activating"} []
[2022-09-07 12:29:33] merlin-logger.DEBUG: A plugin with the following data was processed {"plugin_slug":"hub-core"} []
[2022-09-07 12:29:33] merlin-logger.DEBUG: A plugin with the following data will be processed {"plugin_slug":"liquid_js_composer","message":"Installing"} []
[2022-09-07 12:29:38] merlin-logger.DEBUG: A plugin with the following data will be processed {"plugin_slug":"liquid_js_composer","message":"Activating"} []
[2022-09-07 12:29:39] merlin-logger.DEBUG: A plugin with the following data was processed {"plugin_slug":"liquid_js_composer"} []
[2022-09-07 12:29:40] merlin-logger.DEBUG: A plugin with the following data was processed {"plugin_slug":"liquid_js_composer"} []
[2022-09-07 12:29:41] merlin-logger.DEBUG: A plugin with the following data will be processed {"plugin_slug":"contact-form-7","message":"Installing"} []
[2022-09-07 12:29:45] merlin-logger.DEBUG: A plugin with the following data will be processed {"plugin_slug":"contact-form-7","message":"Activating"} []
[2022-09-07 12:29:47] merlin-logger.DEBUG: A plugin with the following data was processed {"plugin_slug":"contact-form-7"} []
[2022-09-07 12:29:53] merlin-logger.DEBUG: The content import step has been displayed [] []
[2022-09-07 12:31:43] merlin-logger.DEBUG: The welcome step has been displayed [] []
[2022-09-07 12:31:46] merlin-logger.DEBUG: The license activation step has been displayed [] []
[2022-09-07 12:31:47] merlin-logger.DEBUG: The plugin installation step has been displayed [] []
[2022-09-07 12:31:53] merlin-logger.DEBUG: The content import step has been displayed [] []
[2022-09-07 12:33:46] merlin-logger.DEBUG: The content import step has been displayed [] []
[2022-09-07 12:33:49] merlin-logger.DEBUG: The plugin installation step has been displayed [] []
[2022-09-07 12:33:53] merlin-logger.DEBUG: The license activation step has been displayed [] []
[2022-09-07 12:33:53] merlin-logger.DEBUG: The plugin installation step has been displayed [] []
[2022-09-07 12:33:57] merlin-logger.DEBUG: The content import step has been displayed [] []
[2022-09-07 12:34:37] merlin-logger.DEBUG: The plugin installation step has been displayed [] []
[2022-09-07 12:34:43] merlin-logger.DEBUG: A plugin with the following data will be processed {"plugin_slug":"hub-core","message":"Installing"} []
[2022-09-07 12:34:49] merlin-logger.DEBUG: A plugin with the following data will be processed {"plugin_slug":"hub-core","message":"Activating"} []
[2022-09-07 12:34:50] merlin-logger.DEBUG: A plugin with the following data was processed {"plugin_slug":"hub-core"} []
[2022-09-07 12:34:51] merlin-logger.DEBUG: A plugin with the following data will be processed {"plugin_slug":"elementor","message":"Installing"} []
[2022-09-07 12:34:56] merlin-logger.DEBUG: A plugin with the following data will be processed {"plugin_slug":"elementor","message":"Activating"} []
[2022-09-07 12:34:58] merlin-logger.DEBUG: A plugin with the following data was processed {"plugin_slug":"elementor"} []
[2022-09-07 12:34:58] merlin-logger.DEBUG: A plugin with the following data will be processed {"plugin_slug":"hub-elementor-addons","message":"Installing"} []
[2022-09-07 12:35:04] merlin-logger.DEBUG: A plugin with the following data will be processed {"plugin_slug":"hub-elementor-addons","message":"Activating"} []
[2022-09-07 12:35:06] merlin-logger.DEBUG: A plugin with the following data was processed {"plugin_slug":"hub-elementor-addons"} []
[2022-09-07 12:35:10] merlin-logger.DEBUG: The content import step has been displayed [] []
[2022-09-07 12:36:27] merlin-logger.DEBUG: The Hello world post status was set to draft [] []
[2022-09-07 12:36:28] merlin-logger.DEBUG: The Hello world post status was set to draft [] []
[2022-09-07 12:37:09] merlin-logger.DEBUG: The final step has been displayed [] []
[2023-04-05 10:44:07] merlin-logger.DEBUG: A plugin with the following data will be processed {"plugin_slug":"hub-core","message":"Updating"} []
[2023-04-05 10:44:13] merlin-logger.DEBUG: A plugin with the following data was processed {"plugin_slug":"hub-core"} []
[2023-04-28 07:44:54] merlin-logger.DEBUG: A plugin with the following data will be processed {"plugin_slug":"hub-core","message":"Updating"} []
[2023-04-28 07:45:00] merlin-logger.DEBUG: A plugin with the following data was processed {"plugin_slug":"hub-core"} []
